<?xml version="1.0" encoding="UTF-8"?>
<testng-results skipped="0" failed="0" ignored="0" total="2" passed="2">
  <reporter-output>
  </reporter-output>
  <suite name="Default suite" duration-ms="23402" started-at="2020-04-04T11:27:39Z" finished-at="2020-04-04T11:28:03Z">
    <groups>
    </groups>
    <test name="Default test" duration-ms="23402" started-at="2020-04-04T11:27:39Z" finished-at="2020-04-04T11:28:03Z">
      <class name="logtest.LogTEsting">
        <test-method status="PASS" signature="initi()[pri:0, instance:logtest.LogTEsting@370736d9]" name="initi" is-config="true" duration-ms="7742" started-at="2020-04-04T16:57:39Z" finished-at="2020-04-04T16:57:47Z">
          <reporter-output>
          </reporter-output>
        </test-method> <!-- initi -->
        <test-method status="PASS" signature="title()[pri:0, instance:logtest.LogTEsting@370736d9]" name="title" duration-ms="41" started-at="2020-04-04T16:57:47Z" finished-at="2020-04-04T16:57:47Z">
          <reporter-output>
          </reporter-output>
        </test-method> <!-- title -->
        <test-method status="PASS" signature="close()[pri:0, instance:logtest.LogTEsting@370736d9]" name="close" is-config="true" duration-ms="5144" started-at="2020-04-04T16:57:47Z" finished-at="2020-04-04T16:57:52Z">
          <reporter-output>
          </reporter-output>
        </test-method> <!-- close -->
        <test-method status="PASS" signature="initi()[pri:0, instance:logtest.LogTEsting@370736d9]" name="initi" is-config="true" duration-ms="5241" started-at="2020-04-04T16:57:52Z" finished-at="2020-04-04T16:57:57Z">
          <reporter-output>
          </reporter-output>
        </test-method> <!-- initi -->
        <test-method status="PASS" signature="title_test()[pri:0, instance:logtest.LogTEsting@370736d9]" name="title_test" duration-ms="2" started-at="2020-04-04T16:57:57Z" finished-at="2020-04-04T16:57:57Z">
          <reporter-output>
          </reporter-output>
        </test-method> <!-- title_test -->
        <test-method status="PASS" signature="close()[pri:0, instance:logtest.LogTEsting@370736d9]" name="close" is-config="true" duration-ms="5201" started-at="2020-04-04T16:57:57Z" finished-at="2020-04-04T16:58:03Z">
          <reporter-output>
          </reporter-output>
        </test-method> <!-- close -->
      </class> <!-- logtest.LogTEsting -->
    </test> <!-- Default test -->
  </suite> <!-- Default suite -->
</testng-results>
